# JRE version: Java(TM) SE Runtime Environment (17.0.6+9) (build 17.0.6+9-LTS-190)
# Java VM: Java HotSpot(TM) 64-Bit Server VM (17.0.6+9-LTS-190, mixed mode, emulated-client, sharing, tiered, compressed oops, compressed class ptrs, g1 gc, windows-amd64)
GC Precious Log:
 CPUs: 12 total, 12 available
 Memory: 3405M
 Large Page Support: Disabled
 NUMA Support: Disabled
 Compressed Oops: Enabled (32-bit)
 Heap Region Size: 1M
 Heap Min Capacity: 8M
 Heap Initial Capacity: 54M
 Heap Max Capacity: 852M
 Pre-touch: Disabled
 Parallel Workers: 10
 Concurrent Workers: 3
 Concurrent Refinement Workers: 10
 Periodic GC: Disabled
Heap:
 garbage-first heap   total 133120K, used 68112K [0x00000000cac00000, 0x0000000100000000)
  region size 1024K, 4 young (4096K), 4 survivors (4096K)
 Metaspace       used 80021K, committed 80576K, reserved 1122304K
  class space    used 11686K, committed 11968K, reserved 1048576K
GC Heap History (20 events):
Event: 430.356 GC heap after
{Heap after GC invocations=54 (full 1):
 garbage-first heap   total 116736K, used 59358K [0x00000000cac00000, 0x0000000100000000)
  region size 1024K, 5 young (5120K), 5 survivors (5120K)
 Metaspace       used 78535K, committed 79296K, reserved 1122304K
  class space    used 11546K, committed 11904K, reserved 1048576K
}
Event: 430.384 GC heap before
{Heap before GC invocations=54 (full 1):
 garbage-first heap   total 116736K, used 60382K [0x00000000cac00000, 0x0000000100000000)
  region size 1024K, 6 young (6144K), 5 survivors (5120K)
 Metaspace       used 78535K, committed 79296K, reserved 1122304K
  class space    used 11546K, committed 11904K, reserved 1048576K
}
Event: 430.447 GC heap after
{Heap after GC invocations=55 (full 1):
 garbage-first heap   total 116736K, used 56447K [0x00000000cac00000, 0x0000000100000000)
  region size 1024K, 1 young (1024K), 1 survivors (1024K)
 Metaspace       used 78535K, committed 79296K, reserved 1122304K
  class space    used 11546K, committed 11904K, reserved 1048576K
}
Event: 431.854 GC heap before
{Heap before GC invocations=55 (full 1):
 garbage-first heap   total 116736K, used 94335K [0x00000000cac00000, 0x0000000100000000)
  region size 1024K, 38 young (38912K), 1 survivors (1024K)
 Metaspace       used 78689K, committed 79360K, reserved 1122304K
  class space    used 11564K, committed 11904K, reserved 1048576K
}
Event: 431.864 GC heap after
{Heap after GC invocations=56 (full 1):
 garbage-first heap   total 116736K, used 57767K [0x00000000cac00000, 0x0000000100000000)
  region size 1024K, 3 young (3072K), 3 survivors (3072K)
 Metaspace       used 78689K, committed 79360K, reserved 1122304K
  class space    used 11564K, committed 11904K, reserved 1048576K
}
Event: 434.279 GC heap before
{Heap before GC invocations=57 (full 1):
 garbage-first heap   total 116736K, used 93607K [0x00000000cac00000, 0x0000000100000000)
  region size 1024K, 38 young (38912K), 3 survivors (3072K)
 Metaspace       used 79082K, committed 79680K, reserved 1122304K
  class space    used 11594K, committed 11904K, reserved 1048576K
}
Event: 434.289 GC heap after
{Heap after GC invocations=58 (full 1):
 garbage-first heap   total 116736K, used 60995K [0x00000000cac00000, 0x0000000100000000)
  region size 1024K, 5 young (5120K), 5 survivors (5120K)
 Metaspace       used 79082K, committed 79680K, reserved 1122304K
  class space    used 11594K, committed 11904K, reserved 1048576K
}
Event: 434.305 GC heap before
{Heap before GC invocations=58 (full 1):
 garbage-first heap   total 116736K, used 62019K [0x00000000cac00000, 0x0000000100000000)
  region size 1024K, 6 young (6144K), 5 survivors (5120K)
 Metaspace       used 79109K, committed 79680K, reserved 1122304K
  class space    used 11595K, committed 11904K, reserved 1048576K
}
Event: 434.327 GC heap after
{Heap after GC invocations=59 (full 1):
 garbage-first heap   total 116736K, used 60718K [0x00000000cac00000, 0x0000000100000000)
  region size 1024K, 1 young (1024K), 1 survivors (1024K)
 Metaspace       used 79109K, committed 79680K, reserved 1122304K
  class space    used 11595K, committed 11904K, reserved 1048576K
}
Event: 456.921 GC heap before
{Heap before GC invocations=59 (full 1):
 garbage-first heap   total 116736K, used 94510K [0x00000000cac00000, 0x0000000100000000)
  region size 1024K, 34 young (34816K), 1 survivors (1024K)
 Metaspace       used 79219K, committed 79808K, reserved 1122304K
  class space    used 11616K, committed 11904K, reserved 1048576K
}
Event: 456.965 GC heap after
{Heap after GC invocations=60 (full 1):
 garbage-first heap   total 116736K, used 63153K [0x00000000cac00000, 0x0000000100000000)
  region size 1024K, 4 young (4096K), 4 survivors (4096K)
 Metaspace       used 79219K, committed 79808K, reserved 1122304K
  class space    used 11616K, committed 11904K, reserved 1048576K
}
Event: 458.165 GC heap before
{Heap before GC invocations=60 (full 1):
 garbage-first heap   total 116736K, used 93873K [0x00000000cac00000, 0x0000000100000000)
  region size 1024K, 34 young (34816K), 4 survivors (4096K)
 Metaspace       used 79380K, committed 80000K, reserved 1122304K
  class space    used 11629K, committed 11904K, reserved 1048576K
}
Event: 458.181 GC heap after
{Heap after GC invocations=61 (full 1):
 garbage-first heap   total 116736K, used 64623K [0x00000000cac00000, 0x0000000100000000)
  region size 1024K, 3 young (3072K), 3 survivors (3072K)
 Metaspace       used 79380K, committed 80000K, reserved 1122304K
  class space    used 11629K, committed 11904K, reserved 1048576K
}
Event: 459.465 GC heap before
{Heap before GC invocations=61 (full 1):
 garbage-first heap   total 116736K, used 94319K [0x00000000cac00000, 0x0000000100000000)
  region size 1024K, 33 young (33792K), 3 survivors (3072K)
 Metaspace       used 79411K, committed 80000K, reserved 1122304K
  class space    used 11632K, committed 11904K, reserved 1048576K
}
Event: 459.491 GC heap after
{Heap after GC invocations=62 (full 1):
 garbage-first heap   total 116736K, used 66024K [0x00000000cac00000, 0x0000000100000000)
  region size 1024K, 4 young (4096K), 4 survivors (4096K)
 Metaspace       used 79411K, committed 80000K, reserved 1122304K
  class space    used 11632K, committed 11904K, reserved 1048576K
}
Event: 461.836 GC heap before
{Heap before GC invocations=63 (full 1):
 garbage-first heap   total 133120K, used 93672K [0x00000000cac00000, 0x0000000100000000)
  region size 1024K, 32 young (32768K), 4 survivors (4096K)
 Metaspace       used 79503K, committed 80064K, reserved 1122304K
  class space    used 11643K, committed 11904K, reserved 1048576K
}
Event: 461.858 GC heap after
{Heap after GC invocations=64 (full 1):
 garbage-first heap   total 133120K, used 67470K [0x00000000cac00000, 0x0000000100000000)
  region size 1024K, 4 young (4096K), 4 survivors (4096K)
 Metaspace       used 79503K, committed 80064K, reserved 1122304K
  class space    used 11643K, committed 11904K, reserved 1048576K
}
Event: 461.878 GC heap before
{Heap before GC invocations=64 (full 1):
 garbage-first heap   total 133120K, used 69518K [0x00000000cac00000, 0x0000000100000000)
  region size 1024K, 6 young (6144K), 4 survivors (4096K)
 Metaspace       used 79525K, committed 80064K, reserved 1122304K
  class space    used 11646K, committed 11904K, reserved 1048576K
}
Event: 461.913 GC heap after
{Heap after GC invocations=65 (full 1):
 garbage-first heap   total 133120K, used 65101K [0x00000000cac00000, 0x0000000100000000)
  region size 1024K, 1 young (1024K), 1 survivors (1024K)
 Metaspace       used 79525K, committed 80064K, reserved 1122304K
  class space    used 11646K, committed 11904K, reserved 1048576K
}
Event: 464.141 GC heap before
{Heap before GC invocations=65 (full 1):
 garbage-first heap   total 133120K, used 110157K [0x00000000cac00000, 0x0000000100000000)
  region size 1024K, 45 young (46080K), 1 survivors (1024K)
 Metaspace       used 80021K, committed 80576K, reserved 1122304K
  class space    used 11686K, committed 11968K, reserved 1048576K
}

